c:\users\frederik\documents\visual studio 2015\projects\buttonfun\debug\buttonfun\buttonfun.winmd
c:\users\frederik\documents\visual studio 2015\projects\buttonfun\debug\buttonfun\buttonfun.lib
c:\users\frederik\documents\visual studio 2015\projects\buttonfun\debug\buttonfun\buttonfun.exp
c:\users\frederik\documents\visual studio 2015\projects\buttonfun\buttonfun\debug\buttonfun.vcxprojresolveassemblyreference.cache
c:\users\frederik\documents\visual studio 2015\projects\buttonfun\buttonfun\generated files\app.g.h
c:\users\frederik\documents\visual studio 2015\projects\buttonfun\buttonfun\generated files\mainpage.g.h
c:\users\frederik\documents\visual studio 2015\projects\buttonfun\buttonfun\generated files\xamllibmetadataprovider.g.cpp
c:\users\frederik\documents\visual studio 2015\projects\buttonfun\buttonfun\generated files\xamltypeinfo.impl.g.cpp
c:\users\frederik\documents\visual studio 2015\projects\buttonfun\buttonfun\generated files\app.xaml
c:\users\frederik\documents\visual studio 2015\projects\buttonfun\buttonfun\generated files\mainpage.xaml
c:\users\frederik\documents\visual studio 2015\projects\buttonfun\buttonfun\generated files\app.xbf
c:\users\frederik\documents\visual studio 2015\projects\buttonfun\buttonfun\generated files\mainpage.xbf
c:\users\frederik\documents\visual studio 2015\projects\buttonfun\buttonfun\debug\xamlsavestatefile.xml
c:\users\frederik\documents\visual studio 2015\projects\buttonfun\buttonfun\generated files\xamltypeinfo.g.cpp
c:\users\frederik\documents\visual studio 2015\projects\buttonfun\debug\buttonfun\app.xbf
c:\users\frederik\documents\visual studio 2015\projects\buttonfun\debug\buttonfun\mainpage.xbf
c:\users\frederik\documents\visual studio 2015\projects\buttonfun\buttonfun\debug\resourcehandlingtask.state
c:\users\frederik\documents\visual studio 2015\projects\buttonfun\buttonfun\debug\priconfig.xml
c:\users\frederik\documents\visual studio 2015\projects\buttonfun\buttonfun\debug\priconfig.xml.intermediate
c:\users\frederik\documents\visual studio 2015\projects\buttonfun\buttonfun\debug\layout.resfiles
c:\users\frederik\documents\visual studio 2015\projects\buttonfun\buttonfun\debug\layout.resfiles.intermediate
c:\users\frederik\documents\visual studio 2015\projects\buttonfun\buttonfun\debug\resources.resfiles
c:\users\frederik\documents\visual studio 2015\projects\buttonfun\buttonfun\debug\resources.resfiles.intermediate
c:\users\frederik\documents\visual studio 2015\projects\buttonfun\buttonfun\debug\pri.resfiles
c:\users\frederik\documents\visual studio 2015\projects\buttonfun\buttonfun\debug\pri.resfiles.intermediate
c:\users\frederik\documents\visual studio 2015\projects\buttonfun\debug\buttonfun\resources.pri
c:\users\frederik\documents\visual studio 2015\projects\buttonfun\buttonfun\debug\qualifiers.txt
c:\users\frederik\documents\visual studio 2015\projects\buttonfun\buttonfun\debug\qualifiers.txt.intermediate
c:\users\frederik\documents\visual studio 2015\projects\buttonfun\buttonfun\debug\multiplequalifiersperdimensionfound.txt
c:\users\frederik\documents\visual studio 2015\projects\buttonfun\buttonfun\debug\projectarchitectures.txt
c:\users\frederik\documents\visual studio 2015\projects\buttonfun\debug\buttonfun\appxmanifest.xml
c:\users\frederik\documents\visual studio 2015\projects\buttonfun\debug\buttonfun\buttonfun.build.appxrecipe
c:\users\frederik\documents\visual studio 2015\projects\buttonfun\buttonfun\debug\buttonfun.pch
c:\users\frederik\documents\visual studio 2015\projects\buttonfun\buttonfun\debug\vc140.pdb
c:\users\frederik\documents\visual studio 2015\projects\buttonfun\buttonfun\debug\vc140.idb
c:\users\frederik\documents\visual studio 2015\projects\buttonfun\buttonfun\debug\pch.obj
c:\users\frederik\documents\visual studio 2015\projects\buttonfun\buttonfun\debug\xamltypeinfo.impl.g.obj
c:\users\frederik\documents\visual studio 2015\projects\buttonfun\buttonfun\debug\app.xaml.obj
c:\users\frederik\documents\visual studio 2015\projects\buttonfun\buttonfun\debug\mainpage.xaml.obj
c:\users\frederik\documents\visual studio 2015\projects\buttonfun\buttonfun\debug\xamltypeinfo.g.obj
c:\users\frederik\documents\visual studio 2015\projects\buttonfun\buttonfun\debug\buttonfun.tlog\buttonfun.winmd.lastbuild
c:\users\frederik\documents\visual studio 2015\projects\buttonfun\debug\buttonfun\buttonfun.ilk
c:\users\frederik\documents\visual studio 2015\projects\buttonfun\debug\buttonfun\buttonfun.exe
c:\users\frederik\documents\visual studio 2015\projects\buttonfun\debug\buttonfun\buttonfun.pdb
c:\users\frederik\documents\visual studio 2015\projects\buttonfun\buttonfun\debug\embed.resfiles
c:\users\frederik\documents\visual studio 2015\projects\buttonfun\buttonfun\debug\buttonfun.tlog\buttonfun.read.1u.tlog
c:\users\frederik\documents\visual studio 2015\projects\buttonfun\buttonfun\debug\buttonfun.tlog\buttonfun.write.1u.tlog
c:\users\frederik\documents\visual studio 2015\projects\buttonfun\buttonfun\debug\buttonfun.tlog\cl.command.1.tlog
c:\users\frederik\documents\visual studio 2015\projects\buttonfun\buttonfun\debug\buttonfun.tlog\cl.read.1.tlog
c:\users\frederik\documents\visual studio 2015\projects\buttonfun\buttonfun\debug\buttonfun.tlog\cl.write.1.tlog
c:\users\frederik\documents\visual studio 2015\projects\buttonfun\buttonfun\debug\buttonfun.tlog\link.13804.delete.1.tlog
c:\users\frederik\documents\visual studio 2015\projects\buttonfun\buttonfun\debug\buttonfun.tlog\link.6740.delete.1.tlog
c:\users\frederik\documents\visual studio 2015\projects\buttonfun\buttonfun\debug\buttonfun.tlog\link.6804.delete.1.tlog
c:\users\frederik\documents\visual studio 2015\projects\buttonfun\buttonfun\debug\buttonfun.tlog\link.8492.delete.1.tlog
c:\users\frederik\documents\visual studio 2015\projects\buttonfun\buttonfun\debug\buttonfun.tlog\link.9968.delete.1.tlog
c:\users\frederik\documents\visual studio 2015\projects\buttonfun\buttonfun\debug\buttonfun.tlog\link.command.1.tlog
c:\users\frederik\documents\visual studio 2015\projects\buttonfun\buttonfun\debug\buttonfun.tlog\link.delete.1.tlog
c:\users\frederik\documents\visual studio 2015\projects\buttonfun\buttonfun\debug\buttonfun.tlog\link.read.1.tlog
c:\users\frederik\documents\visual studio 2015\projects\buttonfun\buttonfun\debug\buttonfun.tlog\link.write.1.tlog
c:\users\frederik\documents\visual studio 2015\projects\buttonfun\buttonfun\generated files\xamlbindinginfo.g.h
c:\users\frederik\documents\visual studio 2015\projects\buttonfun\buttonfun\generated files\xamltypeinfo.g.h
